0 info it worked if it ends with ok
1 verbose cli [ 'D:\\Program Files\\nodejs\\node.exe',
1 verbose cli   'D:\\Program Files\\nodejs\\node_modules\\npm\\bin\\npm-cli.js',
1 verbose cli   'run',
1 verbose cli   'jade-run' ]
2 info using npm@3.7.3
3 info using node@v5.8.0
4 verbose run-script [ 'prejade-run', 'jade-run', 'postjade-run' ]
5 info lifecycle lmango_blog@0.0.1~prejade-run: lmango_blog@0.0.1
6 silly lifecycle lmango_blog@0.0.1~prejade-run: no script for prejade-run, continuing
7 info lifecycle lmango_blog@0.0.1~jade-run: lmango_blog@0.0.1
8 verbose lifecycle lmango_blog@0.0.1~jade-run: unsafe-perm in lifecycle true
9 verbose lifecycle lmango_blog@0.0.1~jade-run: PATH: D:\Program Files\nodejs\node_modules\npm\bin\node-gyp-bin;E:\lmango\blog\node_modules\.bin;D:\Program Files\nodejs;C:\PROGRAM FILES (X86)\COMMON FILES\NETSARANG;C:\WINDOWS\SYSTEM32;C:\WINDOWS;C:\WINDOWS\SYSTEM32\WBEM;C:\WINDOWS\SYSTEM32\WINDOWSPOWERSHELL\V1.0\;D:\PROGRAM FILES (X86)\GIT\CMD;D:\PROGRAM FILES (X86)\TORTOISEGIT\BIN;D:\Program Files\Java\jdk1.7.0_25\BIN;D:\environment\apache-maven-3.0.4\BIN;D:\PROGRAM FILES\NODEJS\;;C:\Program Files\Lenovo\Bluetooth Software\;C:\Program Files\Lenovo\Bluetooth Software\syswow64;C:\WINDOWS\system32;C:\WINDOWS;C:\WINDOWS\System32\Wbem;C:\WINDOWS\System32\WindowsPowerShell\v1.0\;C:\Users\hanxueliang\AppData\Roaming\npm;‪D:\Program Files\nodejs\node.exe;D:\MongoDB\Server\3.2\bin
10 verbose lifecycle lmango_blog@0.0.1~jade-run: CWD: E:\lmango\blog
11 silly lifecycle lmango_blog@0.0.1~jade-run: Args: [ '/d /s /c', 'call jade.cmd' ]
12 silly lifecycle lmango_blog@0.0.1~jade-run: Returned: code: 1  signal: null
13 info lifecycle lmango_blog@0.0.1~jade-run: Failed to exec jade-run script
14 verbose stack Error: lmango_blog@0.0.1 jade-run: `call jade.cmd`
14 verbose stack Exit status 1
14 verbose stack     at EventEmitter.<anonymous> (D:\Program Files\nodejs\node_modules\npm\lib\utils\lifecycle.js:239:16)
14 verbose stack     at emitTwo (events.js:100:13)
14 verbose stack     at EventEmitter.emit (events.js:185:7)
14 verbose stack     at ChildProcess.<anonymous> (D:\Program Files\nodejs\node_modules\npm\lib\utils\spawn.js:24:14)
14 verbose stack     at emitTwo (events.js:100:13)
14 verbose stack     at ChildProcess.emit (events.js:185:7)
14 verbose stack     at maybeClose (internal/child_process.js:850:16)
14 verbose stack     at Process.ChildProcess._handle.onexit (internal/child_process.js:215:5)
15 verbose pkgid lmango_blog@0.0.1
16 verbose cwd E:\lmango\blog
17 error Windows_NT 10.0.10586
18 error argv "D:\\Program Files\\nodejs\\node.exe" "D:\\Program Files\\nodejs\\node_modules\\npm\\bin\\npm-cli.js" "run" "jade-run"
19 error node v5.8.0
20 error npm  v3.7.3
21 error code ELIFECYCLE
22 error lmango_blog@0.0.1 jade-run: `call jade.cmd`
22 error Exit status 1
23 error Failed at the lmango_blog@0.0.1 jade-run script 'call jade.cmd'.
23 error Make sure you have the latest version of node.js and npm installed.
23 error If you do, this is most likely a problem with the lmango_blog package,
23 error not with npm itself.
23 error Tell the author that this fails on your system:
23 error     call jade.cmd
23 error You can get information on how to open an issue for this project with:
23 error     npm bugs lmango_blog
23 error Or if that isn't available, you can get their info via:
23 error     npm owner ls lmango_blog
23 error There is likely additional logging output above.
24 verbose exit [ 1, true ]
